<?xml version="1.0" encoding="UTF-8"?>
<testsuite name="MainTest" tests="4" skipped="0" failures="0" errors="0" timestamp="2017-06-11T10:27:45" hostname="vladyslav-VirtualBox" time="0.013">
  <properties/>
  <testcase name="testTotalCalculation" classname="MainTest" time="0.002"/>
  <testcase name="cartAPI" classname="MainTest" time="0.001"/>
  <testcase name="paymentWithCreditCard_example" classname="MainTest" time="0.0"/>
  <testcase name="paymentWithPayPal_example" classname="MainTest" time="0.004"/>
  <system-out><![CDATA[]]></system-out>
  <system-err><![CDATA[]]></system-err>
</testsuite>
