<?xml version="1.0" encoding="UTF-8"?>
<testsuite name="MainTest" tests="7" skipped="0" failures="0" errors="0" timestamp="2017-06-30T22:40:21" hostname="vladyslav-VirtualBox" time="0.035">
  <properties/>
  <testcase name="test_simpleAddition" classname="MainTest" time="0.016"/>
  <testcase name="test_size_whenOneElmeExist" classname="MainTest" time="0.0"/>
  <testcase name="test_size_whenDequeueIsCalled" classname="MainTest" time="0.0"/>
  <testcase name="test_multipleAdditions" classname="MainTest" time="0.0"/>
  <testcase name="test_moreElementsAddition" classname="MainTest" time="0.001"/>
  <testcase name="test_size_whenThreesElmeExist" classname="MainTest" time="0.006"/>
  <testcase name="test_initialSize" classname="MainTest" time="0.0"/>
  <system-out><![CDATA[]]></system-out>
  <system-err><![CDATA[]]></system-err>
</testsuite>
