<?xml version="1.0" encoding="UTF-8"?>
<testsuite name="MainTest" tests="5" skipped="0" failures="0" errors="0" timestamp="2017-06-14T22:47:57" hostname="vladyslav-VirtualBox" time="0.062">
  <properties/>
  <testcase name="testTotalCalculation" classname="MainTest" time="0.011"/>
  <testcase name="cartAPI" classname="MainTest" time="0.001"/>
  <testcase name="paymentWithCreditCard_example" classname="MainTest" time="0.001"/>
  <testcase name="cartPayMethod_shouldCall_paymentStrategyPayMethod" classname="MainTest" time="0.011"/>
  <testcase name="paymentWithPayPal_example" classname="MainTest" time="0.005"/>
  <system-out><![CDATA[true
]]></system-out>
  <system-err><![CDATA[]]></system-err>
</testsuite>
